\BOOKMARK [0][-]{chapter.1}{\376\377\0001\000\040\000M\000a\000i\000n\000\040\000P\000a\000g\000e}{}% 1
\BOOKMARK [0][-]{chapter.2}{\376\377\0002\000\040\000C\000o\000n\000t\000r\000i\000b\000u\000t\000o\000r\000\040\000C\000o\000d\000e\000\040\000o\000f\000\040\000C\000o\000n\000d\000u\000c\000t}{}% 2
\BOOKMARK [0][-]{chapter.3}{\376\377\0003\000\040\000F\000i\000l\000e\000\040\000I\000n\000d\000e\000x}{}% 3
\BOOKMARK [1][-]{section.3.1}{\376\377\0003\000.\0001\000\040\000F\000i\000l\000e\000\040\000L\000i\000s\000t}{chapter.3}% 4
\BOOKMARK [0][-]{chapter.4}{\376\377\0004\000\040\000F\000i\000l\000e\000\040\000D\000o\000c\000u\000m\000e\000n\000t\000a\000t\000i\000o\000n}{}% 5
\BOOKMARK [1][-]{section.4.1}{\376\377\0004\000.\0001\000\040\000i\000n\000c\000l\000u\000d\000e\000/\000i\0002\000c\000d\000r\000i\000v\000e\000r\000.\000h\000\040\000F\000i\000l\000e\000\040\000R\000e\000f\000e\000r\000e\000n\000c\000e}{chapter.4}% 6
\BOOKMARK [2][-]{subsection.4.1.1}{\376\377\0004\000.\0001\000.\0001\000\040\000D\000e\000t\000a\000i\000l\000e\000d\000\040\000D\000e\000s\000c\000r\000i\000p\000t\000i\000o\000n}{section.4.1}% 7
\BOOKMARK [2][-]{subsection.4.1.2}{\376\377\0004\000.\0001\000.\0002\000\040\000F\000u\000n\000c\000t\000i\000o\000n\000\040\000D\000o\000c\000u\000m\000e\000n\000t\000a\000t\000i\000o\000n}{section.4.1}% 8
\BOOKMARK [3][-]{subsubsection.4.1.2.1}{\376\377\0004\000.\0001\000.\0002\000.\0001\000\040\000I\0002\000C\000\137\000c\000l\000o\000s\000e}{subsection.4.1.2}% 9
\BOOKMARK [3][-]{subsubsection.4.1.2.2}{\376\377\0004\000.\0001\000.\0002\000.\0002\000\040\000I\0002\000C\000\137\000d\000i\000s\000a\000b\000l\000e\0001\0000\000B\000i\000t\000A\000d\000d\000r\000e\000s\000s\000i\000n\000g}{subsection.4.1.2}% 10
\BOOKMARK [3][-]{subsubsection.4.1.2.3}{\376\377\0004\000.\0001\000.\0002\000.\0003\000\040\000I\0002\000C\000\137\000e\000n\000a\000b\000l\000e\0001\0000\000B\000i\000t\000A\000d\000d\000r\000e\000s\000s\000i\000n\000g}{subsection.4.1.2}% 11
\BOOKMARK [3][-]{subsubsection.4.1.2.4}{\376\377\0004\000.\0001\000.\0002\000.\0004\000\040\000I\0002\000C\000\137\000o\000p\000e\000n}{subsection.4.1.2}% 12
\BOOKMARK [3][-]{subsubsection.4.1.2.5}{\376\377\0004\000.\0001\000.\0002\000.\0005\000\040\000I\0002\000C\000\137\000r\000e\000a\000d}{subsection.4.1.2}% 13
\BOOKMARK [3][-]{subsubsection.4.1.2.6}{\376\377\0004\000.\0001\000.\0002\000.\0006\000\040\000I\0002\000C\000\137\000r\000e\000a\000d\000T\000r\000a\000n\000s\000a\000c\000t\000i\000o\000n}{subsection.4.1.2}% 14
\BOOKMARK [3][-]{subsubsection.4.1.2.7}{\376\377\0004\000.\0001\000.\0002\000.\0007\000\040\000I\0002\000C\000\137\000s\000e\000t\000S\000l\000a\000v\000e\000A\000d\000d\000r\000e\000s\000s}{subsection.4.1.2}% 15
\BOOKMARK [3][-]{subsubsection.4.1.2.8}{\376\377\0004\000.\0001\000.\0002\000.\0008\000\040\000I\0002\000C\000\137\000w\000r\000i\000t\000e}{subsection.4.1.2}% 16
\BOOKMARK [1][-]{section.4.2}{\376\377\0004\000.\0002\000\040\000i\000n\000c\000l\000u\000d\000e\000/\000s\000p\000i\000d\000r\000i\000v\000e\000r\000.\000h\000\040\000F\000i\000l\000e\000\040\000R\000e\000f\000e\000r\000e\000n\000c\000e}{chapter.4}% 17
\BOOKMARK [2][-]{subsection.4.2.1}{\376\377\0004\000.\0002\000.\0001\000\040\000D\000e\000t\000a\000i\000l\000e\000d\000\040\000D\000e\000s\000c\000r\000i\000p\000t\000i\000o\000n}{section.4.2}% 18
\BOOKMARK [2][-]{subsection.4.2.2}{\376\377\0004\000.\0002\000.\0002\000\040\000E\000n\000u\000m\000e\000r\000a\000t\000i\000o\000n\000\040\000T\000y\000p\000e\000\040\000D\000o\000c\000u\000m\000e\000n\000t\000a\000t\000i\000o\000n}{section.4.2}% 19
\BOOKMARK [3][-]{subsubsection.4.2.2.1}{\376\377\0004\000.\0002\000.\0002\000.\0001\000\040\000S\000P\000I\000\137\000b\000i\000t\000\137\000o\000r\000d\000e\000r}{subsection.4.2.2}% 20
\BOOKMARK [2][-]{subsection.4.2.3}{\376\377\0004\000.\0002\000.\0003\000\040\000F\000u\000n\000c\000t\000i\000o\000n\000\040\000D\000o\000c\000u\000m\000e\000n\000t\000a\000t\000i\000o\000n}{section.4.2}% 21
\BOOKMARK [3][-]{subsubsection.4.2.3.1}{\376\377\0004\000.\0002\000.\0003\000.\0001\000\040\000S\000P\000I\000\137\000c\000l\000o\000s\000e}{subsection.4.2.3}% 22
\BOOKMARK [3][-]{subsubsection.4.2.3.2}{\376\377\0004\000.\0002\000.\0003\000.\0002\000\040\000S\000P\000I\000\137\000d\000i\000s\000a\000b\000l\000e\0003\000W\000i\000r\000e}{subsection.4.2.3}% 23
\BOOKMARK [3][-]{subsubsection.4.2.3.3}{\376\377\0004\000.\0002\000.\0003\000.\0003\000\040\000S\000P\000I\000\137\000d\000i\000s\000a\000b\000l\000e\000C\000S}{subsection.4.2.3}% 24
\BOOKMARK [3][-]{subsubsection.4.2.3.4}{\376\377\0004\000.\0002\000.\0003\000.\0004\000\040\000S\000P\000I\000\137\000d\000i\000s\000a\000b\000l\000e\000L\000o\000o\000p\000b\000a\000c\000k}{subsection.4.2.3}% 25
\BOOKMARK [3][-]{subsubsection.4.2.3.5}{\376\377\0004\000.\0002\000.\0003\000.\0005\000\040\000S\000P\000I\000\137\000e\000n\000a\000b\000l\000e\0003\000W\000i\000r\000e}{subsection.4.2.3}% 26
\BOOKMARK [3][-]{subsubsection.4.2.3.6}{\376\377\0004\000.\0002\000.\0003\000.\0006\000\040\000S\000P\000I\000\137\000e\000n\000a\000b\000l\000e\000C\000S}{subsection.4.2.3}% 27
\BOOKMARK [3][-]{subsubsection.4.2.3.7}{\376\377\0004\000.\0002\000.\0003\000.\0007\000\040\000S\000P\000I\000\137\000e\000n\000a\000b\000l\000e\000L\000o\000o\000p\000b\000a\000c\000k}{subsection.4.2.3}% 28
\BOOKMARK [3][-]{subsubsection.4.2.3.8}{\376\377\0004\000.\0002\000.\0003\000.\0008\000\040\000S\000P\000I\000\137\000g\000e\000t\000B\000i\000t\000s\000P\000e\000r\000W\000o\000r\000d}{subsection.4.2.3}% 29
\BOOKMARK [3][-]{subsubsection.4.2.3.9}{\376\377\0004\000.\0002\000.\0003\000.\0009\000\040\000S\000P\000I\000\137\000g\000e\000t\000C\000l\000o\000c\000k\000M\000o\000d\000e}{subsection.4.2.3}% 30
\BOOKMARK [3][-]{subsubsection.4.2.3.10}{\376\377\0004\000.\0002\000.\0003\000.\0001\0000\000\040\000S\000P\000I\000\137\000g\000e\000t\000M\000a\000x\000F\000r\000e\000q\000u\000e\000n\000c\000y}{subsection.4.2.3}% 31
\BOOKMARK [3][-]{subsubsection.4.2.3.11}{\376\377\0004\000.\0002\000.\0003\000.\0001\0001\000\040\000S\000P\000I\000\137\000g\000e\000t\000M\000o\000d\000e}{subsection.4.2.3}% 32
\BOOKMARK [3][-]{subsubsection.4.2.3.12}{\376\377\0004\000.\0002\000.\0003\000.\0001\0002\000\040\000S\000P\000I\000\137\000o\000p\000e\000n}{subsection.4.2.3}% 33
\BOOKMARK [3][-]{subsubsection.4.2.3.13}{\376\377\0004\000.\0002\000.\0003\000.\0001\0003\000\040\000S\000P\000I\000\137\000r\000e\000a\000d}{subsection.4.2.3}% 34
\BOOKMARK [3][-]{subsubsection.4.2.3.14}{\376\377\0004\000.\0002\000.\0003\000.\0001\0004\000\040\000S\000P\000I\000\137\000s\000e\000t\000B\000i\000t\000O\000r\000d\000e\000r}{subsection.4.2.3}% 35
\BOOKMARK [3][-]{subsubsection.4.2.3.15}{\376\377\0004\000.\0002\000.\0003\000.\0001\0005\000\040\000S\000P\000I\000\137\000s\000e\000t\000B\000i\000t\000s\000P\000e\000r\000W\000o\000r\000d}{subsection.4.2.3}% 36
\BOOKMARK [3][-]{subsubsection.4.2.3.16}{\376\377\0004\000.\0002\000.\0003\000.\0001\0006\000\040\000S\000P\000I\000\137\000s\000e\000t\000C\000l\000o\000c\000k\000M\000o\000d\000e}{subsection.4.2.3}% 37
\BOOKMARK [3][-]{subsubsection.4.2.3.17}{\376\377\0004\000.\0002\000.\0003\000.\0001\0007\000\040\000S\000P\000I\000\137\000s\000e\000t\000C\000S\000A\000c\000t\000i\000v\000e\000H\000i\000g\000h}{subsection.4.2.3}% 38
\BOOKMARK [3][-]{subsubsection.4.2.3.18}{\376\377\0004\000.\0002\000.\0003\000.\0001\0008\000\040\000S\000P\000I\000\137\000s\000e\000t\000C\000S\000A\000c\000t\000i\000v\000e\000L\000o\000w}{subsection.4.2.3}% 39
\BOOKMARK [3][-]{subsubsection.4.2.3.19}{\376\377\0004\000.\0002\000.\0003\000.\0001\0009\000\040\000S\000P\000I\000\137\000s\000e\000t\000M\000a\000x\000F\000r\000e\000q\000u\000e\000n\000c\000y}{subsection.4.2.3}% 40
\BOOKMARK [3][-]{subsubsection.4.2.3.20}{\376\377\0004\000.\0002\000.\0003\000.\0002\0000\000\040\000S\000P\000I\000\137\000s\000e\000t\000M\000o\000d\000e}{subsection.4.2.3}% 41
\BOOKMARK [3][-]{subsubsection.4.2.3.21}{\376\377\0004\000.\0002\000.\0003\000.\0002\0001\000\040\000S\000P\000I\000\137\000t\000r\000a\000n\000s\000f\000e\000r}{subsection.4.2.3}% 42
\BOOKMARK [3][-]{subsubsection.4.2.3.22}{\376\377\0004\000.\0002\000.\0003\000.\0002\0002\000\040\000S\000P\000I\000\137\000w\000r\000i\000t\000e}{subsection.4.2.3}% 43
\BOOKMARK [0][-]{section*.7}{\376\377\000I\000n\000d\000e\000x}{}% 44
